{"numTotalTestSuites":106,"numPassedTestSuites":106,"numFailedTestSuites":0,"numPendingTestSuites":0,"numTotalTests":240,"numPassedTests":240,"numFailedTests":0,"numPendingTests":0,"numTodoTests":0,"startTime":1775377976575,"success":true,"testResults":[{"assertionResults":[{"ancestorTitles":["","auto.md integration","SkillIndexer integration"],"fullName":" auto.md integration SkillIndexer integration should reference SkillIndexer in PHASE 1.2","status":"passed","title":"should reference SkillIndexer in PHASE 1.2","duration":0,"failureMessages":[]},{"ancestorTitles":["","auto.md integration","SkillIndexer integration"],"fullName":" auto.md integration SkillIndexer integration should use getIndexSummary for skills listing","status":"passed","title":"should use getIndexSummary for skills listing","duration":0,"failureMessages":[]},{"ancestorTitles":["","auto.md integration","SkillIndexer integration"],"fullName":" auto.md integration SkillIndexer integration should import from correct module path","status":"passed","title":"should import from correct module path","duration":0,"failureMessages":[]},{"ancestorTitles":["","auto.md integration","SkillIndexer integration"],"fullName":" auto.md integration SkillIndexer integration should mention on-demand loading","status":"passed","title":"should mention on-demand loading","duration":0,"failureMessages":[]},{"ancestorTitles":["","auto.md integration","SkillIndexer integration"],"fullName":" auto.md integration SkillIndexer integration should remove direct skills Glob scan","status":"passed","title":"should remove direct skills Glob scan","duration":0,"failureMessages":[]},{"ancestorTitles":["","auto.md integration","SkillIndexer integration"],"fullName":" auto.md integration SkillIndexer integration should preserve other Glob scans (commands, agents, plugins)","status":"passed","title":"should preserve other Glob scans (commands, agents, plugins)","duration":0,"failureMessages":[]},{"ancestorTitles":["","auto.md integration","compressContext integration"],"fullName":" auto.md integration compressContext integration should reference compressContext in PHASE 1.0a","status":"passed","title":"should reference compressContext in PHASE 1.0a","duration":0,"failureMessages":[]},{"ancestorTitles":["","auto.md integration","compressContext integration"],"fullName":" auto.md integration compressContext integration should import from correct module path","status":"passed","title":"should import from correct module path","duration":0,"failureMessages":[]},{"ancestorTitles":["","auto.md integration","compressContext integration"],"fullName":" auto.md integration compressContext integration should reference CONTEXT_COMPRESSION config","status":"passed","title":"should reference CONTEXT_COMPRESSION config","duration":0,"failureMessages":[]},{"ancestorTitles":["","auto.md integration","compressContext integration"],"fullName":" auto.md integration compressContext integration should have step 1.0a for compression check","status":"passed","title":"should have step 1.0a for compression check","duration":0,"failureMessages":[]},{"ancestorTitles":["","auto.md integration","compressContext integration"],"fullName":" auto.md integration compressContext integration should mention long conversation threshold","status":"passed","title":"should mention long conversation threshold","duration":0,"failureMessages":[]},{"ancestorTitles":["","auto.md integration","compressContext integration"],"fullName":" auto.md integration compressContext integration should include compression status in TodoWrite","status":"passed","title":"should include compression status in TodoWrite","duration":0,"failureMessages":[]},{"ancestorTitles":["","auto.md integration","core principles"],"fullName":" auto.md integration core principles should add index mode principle","status":"passed","title":"should add index mode principle","duration":0,"failureMessages":[]},{"ancestorTitles":["","auto.md integration","core principles"],"fullName":" auto.md integration core principles should add context compression principle","status":"passed","title":"should add context compression principle","duration":0,"failureMessages":[]},{"ancestorTitles":["","auto.md integration","core principles"],"fullName":" auto.md integration core principles should preserve existing principles","status":"passed","title":"should preserve existing principles","duration":1,"failureMessages":[]},{"ancestorTitles":["","auto.md integration","core principles"],"fullName":" auto.md integration core principles should have 11 principles total","status":"passed","title":"should have 11 principles total","duration":0,"failureMessages":[]},{"ancestorTitles":["","auto.md integration","structural integrity"],"fullName":" auto.md integration structural integrity should have valid frontmatter","status":"passed","title":"should have valid frontmatter","duration":1,"failureMessages":[]},{"ancestorTitles":["","auto.md integration","structural integrity"],"fullName":" auto.md integration structural integrity should preserve all 6 PHASEs","status":"passed","title":"should preserve all 6 PHASEs","duration":0,"failureMessages":[]},{"ancestorTitles":["","auto.md integration","structural integrity"],"fullName":" auto.md integration structural integrity should preserve HARD CONSTRAINTS","status":"passed","title":"should preserve HARD CONSTRAINTS","duration":0,"failureMessages":[]},{"ancestorTitles":["","auto.md integration","structural integrity"],"fullName":" auto.md integration structural integrity should have PHASE 1.0a","status":"passed","title":"should have PHASE 1.0a","duration":0,"failureMessages":[]},{"ancestorTitles":["","auto.md integration","structural integrity"],"fullName":" auto.md integration structural integrity should preserve PHASE order","status":"passed","title":"should preserve PHASE order","duration":0,"failureMessages":[]}],"startTime":1775377977053,"endTime":1775377977057,"status":"passed","message":"","name":"D:/ruanjian/shuhai/auto-wms/tests/auto-command.test.js"},{"assertionResults":[{"ancestorTitles":["","AgentRegistry","initialize"],"fullName":" AgentRegistry initialize should load built-in agents","status":"passed","title":"should load built-in agents","duration":7,"failureMessages":[]},{"ancestorTitles":["","AgentRegistry","listAgents"],"fullName":" AgentRegistry listAgents should list all agents sorted by priority","status":"passed","title":"should list all agents sorted by priority","duration":3,"failureMessages":[]},{"ancestorTitles":["","AgentRegistry","listAgents"],"fullName":" AgentRegistry listAgents should filter by state","status":"passed","title":"should filter by state","duration":3,"failureMessages":[]},{"ancestorTitles":["","AgentRegistry","listAgents"],"fullName":" AgentRegistry listAgents should filter by complexity","status":"passed","title":"should filter by complexity","duration":2,"failureMessages":[]},{"ancestorTitles":["","AgentRegistry","listAgents"],"fullName":" AgentRegistry listAgents should filter by capabilities","status":"passed","title":"should filter by capabilities","duration":3,"failureMessages":[]},{"ancestorTitles":["","AgentRegistry","getAgent"],"fullName":" AgentRegistry getAgent should return agent by name","status":"passed","title":"should return agent by name","duration":3,"failureMessages":[]},{"ancestorTitles":["","AgentRegistry","getAgent"],"fullName":" AgentRegistry getAgent should return null for unknown agent","status":"passed","title":"should return null for unknown agent","duration":3,"failureMessages":[]},{"ancestorTitles":["","AgentRegistry","registerAgent"],"fullName":" AgentRegistry registerAgent should register new agent","status":"passed","title":"should register new agent","duration":3,"failureMessages":[]},{"ancestorTitles":["","AgentRegistry","registerAgent"],"fullName":" AgentRegistry registerAgent should reject agent without required fields","status":"passed","title":"should reject agent without required fields","duration":5,"failureMessages":[]},{"ancestorTitles":["","AgentRegistry","registerAgent"],"fullName":" AgentRegistry registerAgent should override existing agent with warning","status":"passed","title":"should override existing agent with warning","duration":4,"failureMessages":[]},{"ancestorTitles":["","AgentRegistry","unregisterAgent"],"fullName":" AgentRegistry unregisterAgent should unregister custom agent","status":"passed","title":"should unregister custom agent","duration":3,"failureMessages":[]},{"ancestorTitles":["","AgentRegistry","unregisterAgent"],"fullName":" AgentRegistry unregisterAgent should not unregister built-in agent","status":"passed","title":"should not unregister built-in agent","duration":3,"failureMessages":[]},{"ancestorTitles":["","AgentRegistry","unregisterAgent"],"fullName":" AgentRegistry unregisterAgent should handle unknown agent","status":"passed","title":"should handle unknown agent","duration":3,"failureMessages":[]},{"ancestorTitles":["","AgentRegistry","findCandidates"],"fullName":" AgentRegistry findCandidates should find agents by keyword","status":"passed","title":"should find agents by keyword","duration":2,"failureMessages":[]},{"ancestorTitles":["","AgentRegistry","findCandidates"],"fullName":" AgentRegistry findCandidates should sort by score","status":"passed","title":"should sort by score","duration":2,"failureMessages":[]},{"ancestorTitles":["","AgentRegistry","findCandidates"],"fullName":" AgentRegistry findCandidates should return empty for no matches","status":"passed","title":"should return empty for no matches","duration":3,"failureMessages":[]},{"ancestorTitles":["","AgentRegistry","getFallbackChain"],"fullName":" AgentRegistry getFallbackChain should return fallback chain","status":"passed","title":"should return fallback chain","duration":3,"failureMessages":[]},{"ancestorTitles":["","AgentRegistry","getFallbackChain"],"fullName":" AgentRegistry getFallbackChain should return empty for agent without fallback","status":"passed","title":"should return empty for agent without fallback","duration":2,"failureMessages":[]},{"ancestorTitles":["","AgentRegistry","getFallbackChain"],"fullName":" AgentRegistry getFallbackChain should return empty for unknown agent","status":"passed","title":"should return empty for unknown agent","duration":2,"failureMessages":[]},{"ancestorTitles":["","AgentRegistry","getStats"],"fullName":" AgentRegistry getStats should return statistics","status":"passed","title":"should return statistics","duration":2,"failureMessages":[]},{"ancestorTitles":["","CanonicalRouter","route"],"fullName":" CanonicalRouter route should route to tdd-guide for testing intent","status":"passed","title":"should route to tdd-guide for testing intent","duration":4,"failureMessages":[]},{"ancestorTitles":["","CanonicalRouter","route"],"fullName":" CanonicalRouter route should route to security-reviewer for security intent","status":"passed","title":"should route to security-reviewer for security intent","duration":3,"failureMessages":[]},{"ancestorTitles":["","CanonicalRouter","route"],"fullName":" CanonicalRouter route should route to build-error-resolver for build errors","status":"passed","title":"should route to build-error-resolver for build errors","duration":2,"failureMessages":[]},{"ancestorTitles":["","CanonicalRouter","route"],"fullName":" CanonicalRouter route should return default for empty intent","status":"passed","title":"should return default for empty intent","duration":4,"failureMessages":[]},{"ancestorTitles":["","CanonicalRouter","route"],"fullName":" CanonicalRouter route should return default for whitespace intent","status":"passed","title":"should return default for whitespace intent","duration":3,"failureMessages":[]},{"ancestorTitles":["","CanonicalRouter","route"],"fullName":" CanonicalRouter route should include match reason","status":"passed","title":"should include match reason","duration":3,"failureMessages":[]},{"ancestorTitles":["","CanonicalRouter","route"],"fullName":" CanonicalRouter route should include fallback chain","status":"passed","title":"should include fallback chain","duration":2,"failureMessages":[]},{"ancestorTitles":["","CanonicalRouter","route"],"fullName":" CanonicalRouter route should prioritize security for security-sensitive intent","status":"passed","title":"should prioritize security for security-sensitive intent","duration":4,"failureMessages":[]},{"ancestorTitles":["","CanonicalRouter","route"],"fullName":" CanonicalRouter route should handle context flags","status":"passed","title":"should handle context flags","duration":2,"failureMessages":[]},{"ancestorTitles":["","CanonicalRouter","diagnose"],"fullName":" CanonicalRouter diagnose should return diagnostic info","status":"passed","title":"should return diagnostic info","duration":2,"failureMessages":[]},{"ancestorTitles":["","CanonicalRouter","_analyzeIntent"],"fullName":" CanonicalRouter _analyzeIntent should extract keywords","status":"passed","title":"should extract keywords","duration":7,"failureMessages":[]},{"ancestorTitles":["","CanonicalRouter","_analyzeIntent"],"fullName":" CanonicalRouter _analyzeIntent should detect security sensitivity","status":"passed","title":"should detect security sensitivity","duration":2,"failureMessages":[]},{"ancestorTitles":["","CanonicalRouter","_analyzeIntent"],"fullName":" CanonicalRouter _analyzeIntent should detect non-security intent","status":"passed","title":"should detect non-security intent","duration":3,"failureMessages":[]},{"ancestorTitles":["","CanonicalRouter","_analyzeIntent"],"fullName":" CanonicalRouter _analyzeIntent should extract file extensions from context","status":"passed","title":"should extract file extensions from context","duration":2,"failureMessages":[]},{"ancestorTitles":["","CanonicalRouter","_assessComplexity"],"fullName":" CanonicalRouter _assessComplexity should detect high complexity","status":"passed","title":"should detect high complexity","duration":1,"failureMessages":[]},{"ancestorTitles":["","CanonicalRouter","_assessComplexity"],"fullName":" CanonicalRouter _assessComplexity should detect medium complexity","status":"passed","title":"should detect medium complexity","duration":3,"failureMessages":[]},{"ancestorTitles":["","CanonicalRouter","_assessComplexity"],"fullName":" CanonicalRouter _assessComplexity should detect low complexity","status":"passed","title":"should detect low complexity","duration":2,"failureMessages":[]},{"ancestorTitles":["","CanonicalRouter","_assessComplexity"],"fullName":" CanonicalRouter _assessComplexity should default to medium","status":"passed","title":"should default to medium","duration":2,"failureMessages":[]}],"startTime":1775377977091,"endTime":1775377977206,"status":"passed","message":"","name":"D:/ruanjian/shuhai/auto-wms/tests/canonical-router.test.js"},{"assertionResults":[{"ancestorTitles":["","CapabilityCatalog"],"fullName":" CapabilityCatalog should build unified catalog across command, skill, agent and mcp-tool","status":"passed","title":"should build unified catalog across command, skill, agent and mcp-tool","duration":96,"failureMessages":[]},{"ancestorTitles":["","CapabilityCatalog"],"fullName":" CapabilityCatalog should normalize command metadata","status":"passed","title":"should normalize command metadata","duration":67,"failureMessages":[]},{"ancestorTitles":["","CapabilityCatalog"],"fullName":" CapabilityCatalog should normalize skill metadata","status":"passed","title":"should normalize skill metadata","duration":49,"failureMessages":[]},{"ancestorTitles":["","CapabilityCatalog"],"fullName":" CapabilityCatalog should include custom agents from project agents directory","status":"passed","title":"should include custom agents from project agents directory","duration":58,"failureMessages":[]},{"ancestorTitles":["","CapabilityCatalog"],"fullName":" CapabilityCatalog should expose default mcp tools as tool-layer capabilities","status":"passed","title":"should expose default mcp tools as tool-layer capabilities","duration":50,"failureMessages":[]},{"ancestorTitles":["","CapabilityCatalog"],"fullName":" CapabilityCatalog should filter by kind, layer and query","status":"passed","title":"should filter by kind, layer and query","duration":47,"failureMessages":[]},{"ancestorTitles":["","CapabilityCatalog"],"fullName":" CapabilityCatalog should use cache by default","status":"passed","title":"should use cache by default","duration":41,"failureMessages":[]},{"ancestorTitles":["","CapabilityCatalog"],"fullName":" CapabilityCatalog should clear cache explicitly","status":"passed","title":"should clear cache explicitly","duration":75,"failureMessages":[]}],"startTime":1775377977119,"endTime":1775377977603,"status":"passed","message":"","name":"D:/ruanjian/shuhai/auto-wms/tests/capability-catalog.test.js"},{"assertionResults":[{"ancestorTitles":["","config.js","PROJECT_ROOT"],"fullName":" config.js PROJECT_ROOT should be an absolute path","status":"passed","title":"should be an absolute path","duration":12,"failureMessages":[]},{"ancestorTitles":["","config.js","PROJECT_ROOT"],"fullName":" config.js PROJECT_ROOT should point to project root directory","status":"passed","title":"should point to project root directory","duration":1,"failureMessages":[]},{"ancestorTitles":["","config.js","DOCS_URL"],"fullName":" config.js DOCS_URL should be a non-empty string","status":"passed","title":"should be a non-empty string","duration":0,"failureMessages":[]},{"ancestorTitles":["","config.js","DOCS_URL"],"fullName":" config.js DOCS_URL should be a valid URL","status":"passed","title":"should be a valid URL","duration":1,"failureMessages":[]},{"ancestorTitles":["","config.js","LOG_LEVEL"],"fullName":" config.js LOG_LEVEL should be a non-empty string","status":"passed","title":"should be a non-empty string","duration":0,"failureMessages":[]},{"ancestorTitles":["","config.js","DEFAULT_MAX_RETRIES"],"fullName":" config.js DEFAULT_MAX_RETRIES should be a positive integer","status":"passed","title":"should be a positive integer","duration":1,"failureMessages":[]},{"ancestorTitles":["","config.js","DEFAULT_TIMEOUT"],"fullName":" config.js DEFAULT_TIMEOUT should be a positive integer","status":"passed","title":"should be a positive integer","duration":0,"failureMessages":[]},{"ancestorTitles":["","config.js","CLAUDE_DIR"],"fullName":" config.js CLAUDE_DIR should be a non-empty string","status":"passed","title":"should be a non-empty string","duration":1,"failureMessages":[]},{"ancestorTitles":["","config.js","default export"],"fullName":" config.js default export should contain all named exports","status":"passed","title":"should contain all named exports","duration":1,"failureMessages":[]},{"ancestorTitles":["","config.js","removed exports"],"fullName":" config.js removed exports should not export VERSION_FILE","status":"passed","title":"should not export VERSION_FILE","duration":0,"failureMessages":[]},{"ancestorTitles":["","config.js","removed exports"],"fullName":" config.js removed exports should not export SUPPORTED_LANGUAGES","status":"passed","title":"should not export SUPPORTED_LANGUAGES","duration":1,"failureMessages":[]},{"ancestorTitles":["","config.js","removed exports"],"fullName":" config.js removed exports should not export SUPPORTED_FRAMEWORKS","status":"passed","title":"should not export SUPPORTED_FRAMEWORKS","duration":0,"failureMessages":[]},{"ancestorTitles":["","config.js","removed exports"],"fullName":" config.js removed exports should not export DOCS_URL_NPM","status":"passed","title":"should not export DOCS_URL_NPM","duration":0,"failureMessages":[]},{"ancestorTitles":["","config.js","removed exports"],"fullName":" config.js removed exports should not export DOCS_URL_GITHUB","status":"passed","title":"should not export DOCS_URL_GITHUB","duration":0,"failureMessages":[]}],"startTime":1775377977002,"endTime":1775377977020,"status":"passed","message":"","name":"D:/ruanjian/shuhai/auto-wms/tests/config.test.js"},{"assertionResults":[{"ancestorTitles":["","index.js","interactiveMode"],"fullName":" index.js interactiveMode should show banner and call runInstall when install selected","status":"passed","title":"should show banner and call runInstall when install selected","duration":4,"failureMessages":[]},{"ancestorTitles":["","index.js","interactiveMode"],"fullName":" index.js interactiveMode should handle exit action","status":"passed","title":"should handle exit action","duration":3,"failureMessages":[]},{"ancestorTitles":["","index.js","interactiveMode"],"fullName":" index.js interactiveMode should call runDocs when docs selected","status":"passed","title":"should call runDocs when docs selected","duration":3,"failureMessages":[]},{"ancestorTitles":["","index.js","interactiveMode"],"fullName":" index.js interactiveMode should handle uninstall action","status":"passed","title":"should handle uninstall action","duration":1,"failureMessages":[]},{"ancestorTitles":["","index.js","runInstall"],"fullName":" index.js runInstall should skip confirmation when yes=true","status":"passed","title":"should skip confirmation when yes=true","duration":1,"failureMessages":[]},{"ancestorTitles":["","index.js","runInstall"],"fullName":" index.js runInstall should cancel when user declines confirmation","status":"passed","title":"should cancel when user declines confirmation","duration":1,"failureMessages":[]},{"ancestorTitles":["","index.js","runInstall"],"fullName":" index.js runInstall should pass force option to install","status":"passed","title":"should pass force option to install","duration":2,"failureMessages":[]},{"ancestorTitles":["","index.js","runInstall"],"fullName":" index.js runInstall should show banner when quiet=false","status":"passed","title":"should show banner when quiet=false","duration":1,"failureMessages":[]},{"ancestorTitles":["","index.js","runInstall"],"fullName":" index.js runInstall should not show banner when quiet=true","status":"passed","title":"should not show banner when quiet=true","duration":0,"failureMessages":[]},{"ancestorTitles":["","index.js","runUpdate"],"fullName":" index.js runUpdate should show message when not installed","status":"passed","title":"should show message when not installed","duration":0,"failureMessages":[]},{"ancestorTitles":["","index.js","runUpdate"],"fullName":" index.js runUpdate should update with force when installed","status":"passed","title":"should update with force when installed","duration":1,"failureMessages":[]},{"ancestorTitles":["","index.js","runUpdate"],"fullName":" index.js runUpdate should cancel when user declines","status":"passed","title":"should cancel when user declines","duration":1,"failureMessages":[]},{"ancestorTitles":["","index.js","runUninstall"],"fullName":" index.js runUninstall should show message when not installed","status":"passed","title":"should show message when not installed","duration":1,"failureMessages":[]},{"ancestorTitles":["","index.js","runUninstall"],"fullName":" index.js runUninstall should uninstall when confirmed with yes=true","status":"passed","title":"should uninstall when confirmed with yes=true","duration":0,"failureMessages":[]},{"ancestorTitles":["","index.js","runUninstall"],"fullName":" index.js runUninstall should cancel when user declines","status":"passed","title":"should cancel when user declines","duration":1,"failureMessages":[]},{"ancestorTitles":["","index.js","runUninstall"],"fullName":" index.js runUninstall should use all components when installed version has no components","status":"passed","title":"should use all components when installed version has no components","duration":0,"failureMessages":[]},{"ancestorTitles":["","index.js","runDocs"],"fullName":" index.js runDocs should warn when browser cannot be opened","status":"passed","title":"should warn when browser cannot be opened","duration":1,"failureMessages":[]},{"ancestorTitles":["","index.js","runDocs"],"fullName":" index.js runDocs should not warn when browser opens successfully","status":"passed","title":"should not warn when browser opens successfully","duration":0,"failureMessages":[]},{"ancestorTitles":["","index.js","runRoute"],"fullName":" index.js runRoute should output JSON when json option is set","status":"passed","title":"should output JSON when json option is set","duration":3,"failureMessages":[]},{"ancestorTitles":["","index.js","runRoute"],"fullName":" index.js runRoute should output formatted result for default route","status":"passed","title":"should output formatted result for default route","duration":3,"failureMessages":[]},{"ancestorTitles":["","index.js","runRoute"],"fullName":" index.js runRoute should show fallback chain when present","status":"passed","title":"should show fallback chain when present","duration":3,"failureMessages":[]}],"startTime":1775377977104,"endTime":1775377977135,"status":"passed","message":"","name":"D:/ruanjian/shuhai/auto-wms/tests/index.test.js"},{"assertionResults":[{"ancestorTitles":["","installer.js coverage boost","install - recursive with backup and skip"],"fullName":" installer.js coverage boost install - recursive with backup and skip should handle multi-component install","status":"passed","title":"should handle multi-component install","duration":43,"failureMessages":[]},{"ancestorTitles":["","installer.js coverage boost","uninstall - with installedFiles record"],"fullName":" installer.js coverage boost uninstall - with installedFiles record should remove only recorded files","status":"passed","title":"should remove only recorded files","duration":37,"failureMessages":[]},{"ancestorTitles":["","installer.js coverage boost","uninstall - compatibility mode (no installedFiles)"],"fullName":" installer.js coverage boost uninstall - compatibility mode (no installedFiles) should delete commands/wms directory entirely in compat mode","status":"passed","title":"should delete commands/wms directory entirely in compat mode","duration":66,"failureMessages":[]},{"ancestorTitles":["","installer.js coverage boost","uninstall - compatibility mode (no installedFiles)"],"fullName":" installer.js coverage boost uninstall - compatibility mode (no installedFiles) should delete shared dir files one-by-one in compat mode","status":"passed","title":"should delete shared dir files one-by-one in compat mode","duration":28,"failureMessages":[]},{"ancestorTitles":["","installer.js coverage boost","checkStatus - installed components"],"fullName":" installer.js coverage boost checkStatus - installed components should report installed=true when files exist","status":"passed","title":"should report installed=true when files exist","duration":62,"failureMessages":[]},{"ancestorTitles":["","installer.js coverage boost","install - edge cases"],"fullName":" installer.js coverage boost install - edge cases should skip non-matching file extensions","status":"passed","title":"should skip non-matching file extensions","duration":25,"failureMessages":[]},{"ancestorTitles":["","installer.js coverage boost","uninstall - handles remove failure gracefully"],"fullName":" installer.js coverage boost uninstall - handles remove failure gracefully should continue when individual file removal fails","status":"passed","title":"should continue when individual file removal fails","duration":23,"failureMessages":[]}],"startTime":1775377977089,"endTime":1775377977375,"status":"passed","message":"","name":"D:/ruanjian/shuhai/auto-wms/tests/installer-coverage.test.js"},{"assertionResults":[{"ancestorTitles":["","installer.js","checkStatus"],"fullName":" installer.js checkStatus should return status for all components","status":"passed","title":"should return status for all components","duration":18,"failureMessages":[]},{"ancestorTitles":["","installer.js","checkStatus"],"fullName":" installer.js checkStatus should have correct structure for each component","status":"passed","title":"should have correct structure for each component","duration":20,"failureMessages":[]},{"ancestorTitles":["","installer.js","install"],"fullName":" installer.js install should handle empty component list","status":"passed","title":"should handle empty component list","duration":19,"failureMessages":[]},{"ancestorTitles":["","installer.js","install"],"fullName":" installer.js install should handle invalid component names gracefully","status":"passed","title":"should handle invalid component names gracefully","duration":18,"failureMessages":[]},{"ancestorTitles":["","installer.js","install"],"fullName":" installer.js install should install non-recursive files to target directory","status":"passed","title":"should install non-recursive files to target directory","duration":27,"failureMessages":[]},{"ancestorTitles":["","installer.js","install"],"fullName":" installer.js install should skip existing files when force=false (non-recursive, commands)","status":"passed","title":"should skip existing files when force=false (non-recursive, commands)","duration":20,"failureMessages":[]},{"ancestorTitles":["","installer.js","install"],"fullName":" installer.js install should create backup when force=false and backup=true (non-recursive)","status":"passed","title":"should create backup when force=false and backup=true (non-recursive)","duration":24,"failureMessages":[]},{"ancestorTitles":["","installer.js","install"],"fullName":" installer.js install should overwrite existing files when force=true (non-recursive)","status":"passed","title":"should overwrite existing files when force=true (non-recursive)","duration":23,"failureMessages":[]},{"ancestorTitles":["","installer.js","install"],"fullName":" installer.js install should not create backup when force=true","status":"passed","title":"should not create backup when force=true","duration":20,"failureMessages":[]},{"ancestorTitles":["","installer.js","uninstall"],"fullName":" installer.js uninstall should handle empty component list","status":"passed","title":"should handle empty component list","duration":13,"failureMessages":[]},{"ancestorTitles":["","installer.js","uninstall"],"fullName":" installer.js uninstall should handle invalid component names gracefully","status":"passed","title":"should handle invalid component names gracefully","duration":10,"failureMessages":[]}],"startTime":1775377977087,"endTime":1775377977300,"status":"passed","message":"","name":"D:/ruanjian/shuhai/auto-wms/tests/installer.test.js"},{"assertionResults":[{"ancestorTitles":["","categories","CATEGORIES"],"fullName":" categories CATEGORIES should define 4 categories","status":"passed","title":"should define 4 categories","duration":3,"failureMessages":[]},{"ancestorTitles":["","categories","CATEGORIES"],"fullName":" categories CATEGORIES should have required fields for each category","status":"passed","title":"should have required fields for each category","duration":1,"failureMessages":[]},{"ancestorTitles":["","categories","CATEGORIES"],"fullName":" categories CATEGORIES should have unique names and files","status":"passed","title":"should have unique names and files","duration":1,"failureMessages":[]},{"ancestorTitles":["","categories","classifyContent"],"fullName":" categories classifyContent should classify prompt-related content","status":"passed","title":"should classify prompt-related content","duration":1,"failureMessages":[]},{"ancestorTitles":["","categories","classifyContent"],"fullName":" categories classifyContent should classify trap-related content","status":"passed","title":"should classify trap-related content","duration":0,"failureMessages":[]},{"ancestorTitles":["","categories","classifyContent"],"fullName":" categories classifyContent should classify pattern-related content","status":"passed","title":"should classify pattern-related content","duration":0,"failureMessages":[]},{"ancestorTitles":["","categories","classifyContent"],"fullName":" categories classifyContent should classify decision-related content","status":"passed","title":"should classify decision-related content","duration":0,"failureMessages":[]},{"ancestorTitles":["","categories","classifyContent"],"fullName":" categories classifyContent should respect explicit category hint","status":"passed","title":"should respect explicit category hint","duration":0,"failureMessages":[]},{"ancestorTitles":["","categories","classifyContent"],"fullName":" categories classifyContent should respect category hint by file name","status":"passed","title":"should respect category hint by file name","duration":1,"failureMessages":[]},{"ancestorTitles":["","categories","classifyContent"],"fullName":" categories classifyContent should default to decision when no keywords match","status":"passed","title":"should default to decision when no keywords match","duration":0,"failureMessages":[]},{"ancestorTitles":["","categories","getCategoryByName"],"fullName":" categories getCategoryByName should return category by name","status":"passed","title":"should return category by name","duration":0,"failureMessages":[]},{"ancestorTitles":["","categories","getCategoryByName"],"fullName":" categories getCategoryByName should return category by file name","status":"passed","title":"should return category by file name","duration":0,"failureMessages":[]},{"ancestorTitles":["","categories","getCategoryByName"],"fullName":" categories getCategoryByName should return undefined for unknown name","status":"passed","title":"should return undefined for unknown name","duration":0,"failureMessages":[]},{"ancestorTitles":["","KnowledgeSteward","ensureStructure"],"fullName":" KnowledgeSteward ensureStructure should create insights directory with all category files","status":"passed","title":"should create insights directory with all category files","duration":15,"failureMessages":[]},{"ancestorTitles":["","KnowledgeSteward","ensureStructure"],"fullName":" KnowledgeSteward ensureStructure should not overwrite existing files","status":"passed","title":"should not overwrite existing files","duration":23,"failureMessages":[]},{"ancestorTitles":["","KnowledgeSteward","save"],"fullName":" KnowledgeSteward save should save content and create file structure","status":"passed","title":"should save content and create file structure","duration":19,"failureMessages":[]},{"ancestorTitles":["","KnowledgeSteward","save"],"fullName":" KnowledgeSteward save should reject empty content","status":"passed","title":"should reject empty content","duration":2,"failureMessages":[]},{"ancestorTitles":["","KnowledgeSteward","save"],"fullName":" KnowledgeSteward save should save with explicit category","status":"passed","title":"should save with explicit category","duration":19,"failureMessages":[]},{"ancestorTitles":["","KnowledgeSteward","save"],"fullName":" KnowledgeSteward save should save with tags","status":"passed","title":"should save with tags","duration":15,"failureMessages":[]},{"ancestorTitles":["","KnowledgeSteward","save"],"fullName":" KnowledgeSteward save should append multiple entries to same file","status":"passed","title":"should append multiple entries to same file","duration":16,"failureMessages":[]},{"ancestorTitles":["","KnowledgeSteward","save"],"fullName":" KnowledgeSteward save should include date in entry","status":"passed","title":"should include date in entry","duration":14,"failureMessages":[]},{"ancestorTitles":["","KnowledgeSteward","list"],"fullName":" KnowledgeSteward list should return stats for all categories","status":"passed","title":"should return stats for all categories","duration":21,"failureMessages":[]},{"ancestorTitles":["","KnowledgeSteward","list"],"fullName":" KnowledgeSteward list should return zero counts for empty files","status":"passed","title":"should return zero counts for empty files","duration":14,"failureMessages":[]},{"ancestorTitles":["","KnowledgeSteward","search"],"fullName":" KnowledgeSteward search should find entries by keyword","status":"passed","title":"should find entries by keyword","duration":18,"failureMessages":[]},{"ancestorTitles":["","KnowledgeSteward","search"],"fullName":" KnowledgeSteward search should return empty for no matches","status":"passed","title":"should return empty for no matches","duration":16,"failureMessages":[]},{"ancestorTitles":["","KnowledgeSteward","search"],"fullName":" KnowledgeSteward search should be case insensitive","status":"passed","title":"should be case insensitive","duration":12,"failureMessages":[]}],"startTime":1775377977092,"endTime":1775377977305,"status":"passed","message":"","name":"D:/ruanjian/shuhai/auto-wms/tests/knowledge-steward.test.js"},{"assertionResults":[{"ancestorTitles":["","logger.js","LOG_LEVELS"],"fullName":" logger.js LOG_LEVELS should define all log levels with numeric values","status":"passed","title":"should define all log levels with numeric values","duration":2,"failureMessages":[]},{"ancestorTitles":["","logger.js","LOG_LEVELS"],"fullName":" logger.js LOG_LEVELS should be frozen","status":"passed","title":"should be frozen","duration":1,"failureMessages":[]},{"ancestorTitles":["","logger.js","Logger class"],"fullName":" logger.js Logger class should create instance with default options","status":"passed","title":"should create instance with default options","duration":0,"failureMessages":[]},{"ancestorTitles":["","logger.js","Logger class"],"fullName":" logger.js Logger class should create instance with custom options","status":"passed","title":"should create instance with custom options","duration":0,"failureMessages":[]},{"ancestorTitles":["","logger.js","Logger class"],"fullName":" logger.js Logger class should accept level 0 (DEBUG) via constructor","status":"passed","title":"should accept level 0 (DEBUG) via constructor","duration":1,"failureMessages":[]},{"ancestorTitles":["","logger.js","Logger class","setLevel"],"fullName":" logger.js Logger class setLevel should accept valid string level names","status":"passed","title":"should accept valid string level names","duration":0,"failureMessages":[]},{"ancestorTitles":["","logger.js","Logger class","setLevel"],"fullName":" logger.js Logger class setLevel should accept valid numeric levels","status":"passed","title":"should accept valid numeric levels","duration":0,"failureMessages":[]},{"ancestorTitles":["","logger.js","Logger class","setLevel"],"fullName":" logger.js Logger class setLevel should throw on invalid string level","status":"passed","title":"should throw on invalid string level","duration":0,"failureMessages":[]},{"ancestorTitles":["","logger.js","Logger class","setLevel"],"fullName":" logger.js Logger class setLevel should throw on out-of-range numeric level","status":"passed","title":"should throw on out-of-range numeric level","duration":1,"failureMessages":[]},{"ancestorTitles":["","logger.js","Logger class","setLevel"],"fullName":" logger.js Logger class setLevel should throw on non-string non-number input","status":"passed","title":"should throw on non-string non-number input","duration":0,"failureMessages":[]},{"ancestorTitles":["","logger.js","Logger class","_formatMessage"],"fullName":" logger.js Logger class _formatMessage should return message as-is when no prefix or timestamp","status":"passed","title":"should return message as-is when no prefix or timestamp","duration":0,"failureMessages":[]},{"ancestorTitles":["","logger.js","Logger class","_formatMessage"],"fullName":" logger.js Logger class _formatMessage should include prefix when set","status":"passed","title":"should include prefix when set","duration":1,"failureMessages":[]},{"ancestorTitles":["","logger.js","Logger class","_formatMessage"],"fullName":" logger.js Logger class _formatMessage should include meta when provided","status":"passed","title":"should include meta when provided","duration":0,"failureMessages":[]},{"ancestorTitles":["","logger.js","Logger class","_formatMessage"],"fullName":" logger.js Logger class _formatMessage should skip meta when empty object","status":"passed","title":"should skip meta when empty object","duration":0,"failureMessages":[]},{"ancestorTitles":["","logger.js","Logger class","log method (level-aware)"],"fullName":" logger.js Logger class log method (level-aware) should output when level <= INFO","status":"passed","title":"should output when level <= INFO","duration":1,"failureMessages":[]},{"ancestorTitles":["","logger.js","Logger class","log method (level-aware)"],"fullName":" logger.js Logger class log method (level-aware) should suppress output when level > INFO","status":"passed","title":"should suppress output when level > INFO","duration":1,"failureMessages":[]},{"ancestorTitles":["","logger.js","Logger class","infoRaw method (level-aware)"],"fullName":" logger.js Logger class infoRaw method (level-aware) should output when level <= INFO","status":"passed","title":"should output when level <= INFO","duration":0,"failureMessages":[]},{"ancestorTitles":["","logger.js","Logger class","infoRaw method (level-aware)"],"fullName":" logger.js Logger class infoRaw method (level-aware) should suppress output when level > INFO","status":"passed","title":"should suppress output when level > INFO","duration":0,"failureMessages":[]},{"ancestorTitles":["","logger.js","Logger class","warn method (level-aware)"],"fullName":" logger.js Logger class warn method (level-aware) should output when level <= WARN","status":"passed","title":"should output when level <= WARN","duration":1,"failureMessages":[]},{"ancestorTitles":["","logger.js","Logger class","warn method (level-aware)"],"fullName":" logger.js Logger class warn method (level-aware) should suppress output when level > WARN","status":"passed","title":"should suppress output when level > WARN","duration":0,"failureMessages":[]},{"ancestorTitles":["","logger.js","Logger class","error method (level-aware)"],"fullName":" logger.js Logger class error method (level-aware) should output when level <= ERROR","status":"passed","title":"should output when level <= ERROR","duration":0,"failureMessages":[]},{"ancestorTitles":["","logger.js","Logger class","error method (level-aware)"],"fullName":" logger.js Logger class error method (level-aware) should suppress output when level > ERROR","status":"passed","title":"should suppress output when level > ERROR","duration":0,"failureMessages":[]},{"ancestorTitles":["","logger.js","Logger class","success method (level-aware)"],"fullName":" logger.js Logger class success method (level-aware) should output when level <= INFO","status":"passed","title":"should output when level <= INFO","duration":1,"failureMessages":[]},{"ancestorTitles":["","logger.js","Logger class","success method (level-aware)"],"fullName":" logger.js Logger class success method (level-aware) should suppress output when level > INFO","status":"passed","title":"should suppress output when level > INFO","duration":0,"failureMessages":[]},{"ancestorTitles":["","logger.js","Logger class","info method (level-aware)"],"fullName":" logger.js Logger class info method (level-aware) should output when level <= INFO","status":"passed","title":"should output when level <= INFO","duration":0,"failureMessages":[]},{"ancestorTitles":["","logger.js","Logger class","info method (level-aware)"],"fullName":" logger.js Logger class info method (level-aware) should suppress output when level > INFO","status":"passed","title":"should suppress output when level > INFO","duration":1,"failureMessages":[]},{"ancestorTitles":["","logger.js","Logger class","debug method (level-aware)"],"fullName":" logger.js Logger class debug method (level-aware) should output when level <= DEBUG","status":"passed","title":"should output when level <= DEBUG","duration":0,"failureMessages":[]},{"ancestorTitles":["","logger.js","Logger class","debug method (level-aware)"],"fullName":" logger.js Logger class debug method (level-aware) should suppress output when level > DEBUG","status":"passed","title":"should suppress output when level > DEBUG","duration":0,"failureMessages":[]},{"ancestorTitles":["","logger.js","default logger instance"],"fullName":" logger.js default logger instance should be a Logger instance","status":"passed","title":"should be a Logger instance","duration":0,"failureMessages":[]},{"ancestorTitles":["","logger.js","default logger instance"],"fullName":" logger.js default logger instance should have prefix auto-wms","status":"passed","title":"should have prefix auto-wms","duration":0,"failureMessages":[]}],"startTime":1775377977026,"endTime":1775377977038,"status":"passed","message":"","name":"D:/ruanjian/shuhai/auto-wms/tests/logger.test.js"},{"assertionResults":[{"ancestorTitles":["","prompts.js","showBanner"],"fullName":" prompts.js showBanner should print version and target directory","status":"passed","title":"should print version and target directory","duration":5,"failureMessages":[]},{"ancestorTitles":["","prompts.js","showBanner"],"fullName":" prompts.js showBanner should call console.log multiple times for banner lines","status":"passed","title":"should call console.log multiple times for banner lines","duration":1,"failureMessages":[]},{"ancestorTitles":["","prompts.js","promptConfirmation"],"fullName":" prompts.js promptConfirmation should return true when user confirms","status":"passed","title":"should return true when user confirms","duration":1,"failureMessages":[]},{"ancestorTitles":["","prompts.js","promptConfirmation"],"fullName":" prompts.js promptConfirmation should return false when user declines","status":"passed","title":"should return false when user declines","duration":0,"failureMessages":[]},{"ancestorTitles":["","prompts.js","promptConfirmation"],"fullName":" prompts.js promptConfirmation should use default message when none provided","status":"passed","title":"should use default message when none provided","duration":1,"failureMessages":[]},{"ancestorTitles":["","prompts.js","promptConfirmation"],"fullName":" prompts.js promptConfirmation should default to true for confirmation","status":"passed","title":"should default to true for confirmation","duration":1,"failureMessages":[]},{"ancestorTitles":["","prompts.js","promptUninstallConfirmation"],"fullName":" prompts.js promptUninstallConfirmation should return true when user confirms","status":"passed","title":"should return true when user confirms","duration":1,"failureMessages":[]},{"ancestorTitles":["","prompts.js","promptUninstallConfirmation"],"fullName":" prompts.js promptUninstallConfirmation should default to false for uninstall","status":"passed","title":"should default to false for uninstall","duration":2,"failureMessages":[]},{"ancestorTitles":["","prompts.js","promptComponentSelection"],"fullName":" prompts.js promptComponentSelection should return selected components","status":"passed","title":"should return selected components","duration":1,"failureMessages":[]},{"ancestorTitles":["","prompts.js","promptComponentSelection"],"fullName":" prompts.js promptComponentSelection should return null when no components selected","status":"passed","title":"should return null when no components selected","duration":1,"failureMessages":[]},{"ancestorTitles":["","prompts.js","promptComponentSelection"],"fullName":" prompts.js promptComponentSelection should mark installed components in choices","status":"passed","title":"should mark installed components in choices","duration":2,"failureMessages":[]},{"ancestorTitles":["","prompts.js","promptMainMenu"],"fullName":" prompts.js promptMainMenu should return selected action","status":"passed","title":"should return selected action","duration":0,"failureMessages":[]},{"ancestorTitles":["","prompts.js","promptMainMenu"],"fullName":" prompts.js promptMainMenu should include install, update, uninstall, docs, exit choices","status":"passed","title":"should include install, update, uninstall, docs, exit choices","duration":3,"failureMessages":[]},{"ancestorTitles":["","prompts.js","promptMainMenu"],"fullName":" prompts.js promptMainMenu should disable update and uninstall when not installed","status":"passed","title":"should disable update and uninstall when not installed","duration":1,"failureMessages":[]}],"startTime":1775377977100,"endTime":1775377977121,"status":"passed","message":"","name":"D:/ruanjian/shuhai/auto-wms/tests/prompts.test.js"},{"assertionResults":[{"ancestorTitles":["","SkillIndexer","buildIndex"],"fullName":" SkillIndexer buildIndex should build index from skills directory","status":"passed","title":"should build index from skills directory","duration":91,"failureMessages":[]},{"ancestorTitles":["","SkillIndexer","buildIndex"],"fullName":" SkillIndexer buildIndex should extract metadata from frontmatter","status":"passed","title":"should extract metadata from frontmatter","duration":106,"failureMessages":[]},{"ancestorTitles":["","SkillIndexer","buildIndex"],"fullName":" SkillIndexer buildIndex should handle files without frontmatter","status":"passed","title":"should handle files without frontmatter","duration":82,"failureMessages":[]},{"ancestorTitles":["","SkillIndexer","buildIndex"],"fullName":" SkillIndexer buildIndex should detect directory-based skills","status":"passed","title":"should detect directory-based skills","duration":55,"failureMessages":[]},{"ancestorTitles":["","SkillIndexer","buildIndex"],"fullName":" SkillIndexer buildIndex should use cache when available","status":"passed","title":"should use cache when available","duration":55,"failureMessages":[]},{"ancestorTitles":["","SkillIndexer","buildIndex"],"fullName":" SkillIndexer buildIndex should handle non-existent directory","status":"passed","title":"should handle non-existent directory","duration":27,"failureMessages":[]},{"ancestorTitles":["","SkillIndexer","search"],"fullName":" SkillIndexer search should find skills by keyword","status":"passed","title":"should find skills by keyword","duration":44,"failureMessages":[]},{"ancestorTitles":["","SkillIndexer","search"],"fullName":" SkillIndexer search should find skills by tag","status":"passed","title":"should find skills by tag","duration":42,"failureMessages":[]},{"ancestorTitles":["","SkillIndexer","search"],"fullName":" SkillIndexer search should return empty for no matches","status":"passed","title":"should return empty for no matches","duration":70,"failureMessages":[]},{"ancestorTitles":["","SkillIndexer","search"],"fullName":" SkillIndexer search should be case insensitive","status":"passed","title":"should be case insensitive","duration":46,"failureMessages":[]},{"ancestorTitles":["","SkillIndexer","loadContent"],"fullName":" SkillIndexer loadContent should load full skill content","status":"passed","title":"should load full skill content","duration":46,"failureMessages":[]},{"ancestorTitles":["","SkillIndexer","loadContent"],"fullName":" SkillIndexer loadContent should return null for non-existent file","status":"passed","title":"should return null for non-existent file","duration":58,"failureMessages":[]},{"ancestorTitles":["","SkillIndexer","getIndexSummary"],"fullName":" SkillIndexer getIndexSummary should generate human-readable summary","status":"passed","title":"should generate human-readable summary","duration":44,"failureMessages":[]},{"ancestorTitles":["","SkillIndexer","clearCache"],"fullName":" SkillIndexer clearCache should clear cache","status":"passed","title":"should clear cache","duration":83,"failureMessages":[]},{"ancestorTitles":["","SkillIndexer","_computeFileHashes"],"fullName":" SkillIndexer _computeFileHashes should compute hashes for all skill files","status":"passed","title":"should compute hashes for all skill files","duration":11,"failureMessages":[]},{"ancestorTitles":["","SkillIndexer","_computeFileHashes"],"fullName":" SkillIndexer _computeFileHashes should produce consistent hashes","status":"passed","title":"should produce consistent hashes","duration":10,"failureMessages":[]},{"ancestorTitles":["","SkillIndexer","_computeFileHashes"],"fullName":" SkillIndexer _computeFileHashes should detect file content change","status":"passed","title":"should detect file content change","duration":10,"failureMessages":[]},{"ancestorTitles":["","SkillIndexer","_computeFileHashes"],"fullName":" SkillIndexer _computeFileHashes should detect file count change","status":"passed","title":"should detect file count change","duration":12,"failureMessages":[]},{"ancestorTitles":["","SkillIndexer","_computeFileHashes"],"fullName":" SkillIndexer _computeFileHashes should return empty for non-existent directory","status":"passed","title":"should return empty for non-existent directory","duration":6,"failureMessages":[]},{"ancestorTitles":["","SkillIndexer","_hashesEqual"],"fullName":" SkillIndexer _hashesEqual should return true for identical hashes","status":"passed","title":"should return true for identical hashes","duration":7,"failureMessages":[]},{"ancestorTitles":["","SkillIndexer","_hashesEqual"],"fullName":" SkillIndexer _hashesEqual should return false for different count","status":"passed","title":"should return false for different count","duration":7,"failureMessages":[]},{"ancestorTitles":["","SkillIndexer","_hashesEqual"],"fullName":" SkillIndexer _hashesEqual should return false for different hash values","status":"passed","title":"should return false for different hash values","duration":4,"failureMessages":[]},{"ancestorTitles":["","SkillIndexer","_hashesEqual"],"fullName":" SkillIndexer _hashesEqual should return false for missing file","status":"passed","title":"should return false for missing file","duration":7,"failureMessages":[]},{"ancestorTitles":["","SkillIndexer","_hashesEqual"],"fullName":" SkillIndexer _hashesEqual should return true for empty arrays","status":"passed","title":"should return true for empty arrays","duration":5,"failureMessages":[]},{"ancestorTitles":["","SkillIndexer","cache invalidation on file change"],"fullName":" SkillIndexer cache invalidation on file change should invalidate cache when file content changes","status":"passed","title":"should invalidate cache when file content changes","duration":97,"failureMessages":[]},{"ancestorTitles":["","SkillIndexer","cache invalidation on file change"],"fullName":" SkillIndexer cache invalidation on file change should include file_hashes in index result","status":"passed","title":"should include file_hashes in index result","duration":56,"failureMessages":[]}],"startTime":1775377977086,"endTime":1775377978167,"status":"passed","message":"","name":"D:/ruanjian/shuhai/auto-wms/tests/skill-indexer.test.js"},{"assertionResults":[{"ancestorTitles":["","utils.js","getClaudeDir"],"fullName":" utils.js getClaudeDir should return path to .claude directory in home folder","status":"passed","title":"should return path to .claude directory in home folder","duration":1,"failureMessages":[]},{"ancestorTitles":["","utils.js","getAutoDir"],"fullName":" utils.js getAutoDir should return path to auto directory inside .claude","status":"passed","title":"should return path to auto directory inside .claude","duration":0,"failureMessages":[]},{"ancestorTitles":["","utils.js","getCustomDir"],"fullName":" utils.js getCustomDir should return path to custom directory inside .claude","status":"passed","title":"should return path to custom directory inside .claude","duration":1,"failureMessages":[]},{"ancestorTitles":["","utils.js","getVersionFilePath"],"fullName":" utils.js getVersionFilePath should return path to .auto-version file","status":"passed","title":"should return path to .auto-version file","duration":0,"failureMessages":[]},{"ancestorTitles":["","utils.js","getPackageVersion"],"fullName":" utils.js getPackageVersion should return version string from package.json","status":"passed","title":"should return version string from package.json","duration":1,"failureMessages":[]},{"ancestorTitles":["","utils.js","COMPONENTS"],"fullName":" utils.js COMPONENTS should have agents component with correct structure","status":"passed","title":"should have agents component with correct structure","duration":1,"failureMessages":[]},{"ancestorTitles":["","utils.js","COMPONENTS"],"fullName":" utils.js COMPONENTS should have rules component with correct structure","status":"passed","title":"should have rules component with correct structure","duration":1,"failureMessages":[]},{"ancestorTitles":["","utils.js","COMPONENTS"],"fullName":" utils.js COMPONENTS should have commands component with correct structure","status":"passed","title":"should have commands component with correct structure","duration":0,"failureMessages":[]},{"ancestorTitles":["","utils.js","COMPONENTS"],"fullName":" utils.js COMPONENTS should have skills component with correct structure","status":"passed","title":"should have skills component with correct structure","duration":0,"failureMessages":[]},{"ancestorTitles":["","utils.js","COMPONENTS"],"fullName":" utils.js COMPONENTS should have hooks component with correct structure","status":"passed","title":"should have hooks component with correct structure","duration":0,"failureMessages":[]},{"ancestorTitles":["","utils.js","COMPONENTS"],"fullName":" utils.js COMPONENTS should have exactly 5 components","status":"passed","title":"should have exactly 5 components","duration":2,"failureMessages":[]},{"ancestorTitles":["","utils.js","getInstalledVersion"],"fullName":" utils.js getInstalledVersion should return null if version file does not exist","status":"passed","title":"should return null if version file does not exist","duration":2,"failureMessages":[]},{"ancestorTitles":["","utils.js","getInstalledVersion"],"fullName":" utils.js getInstalledVersion should return version info if file exists","status":"passed","title":"should return version info if file exists","duration":1,"failureMessages":[]},{"ancestorTitles":["","utils.js","getInstalledVersion"],"fullName":" utils.js getInstalledVersion should return null on parse error","status":"passed","title":"should return null on parse error","duration":1,"failureMessages":[]},{"ancestorTitles":["","utils.js","saveInstalledVersion"],"fullName":" utils.js saveInstalledVersion should save version info to file","status":"passed","title":"should save version info to file","duration":4,"failureMessages":[]},{"ancestorTitles":["","utils.js","saveInstalledVersion"],"fullName":" utils.js saveInstalledVersion should save installed files list for precise uninstall","status":"passed","title":"should save installed files list for precise uninstall","duration":1,"failureMessages":[]},{"ancestorTitles":["","utils.js","compressContext"],"fullName":" utils.js compressContext should not compress when below threshold","status":"passed","title":"should not compress when below threshold","duration":1,"failureMessages":[]},{"ancestorTitles":["","utils.js","compressContext"],"fullName":" utils.js compressContext should compress when above threshold","status":"passed","title":"should compress when above threshold","duration":2,"failureMessages":[]},{"ancestorTitles":["","utils.js","compressContext"],"fullName":" utils.js compressContext should prioritize messages with key indicators","status":"passed","title":"should prioritize messages with key indicators","duration":1,"failureMessages":[]},{"ancestorTitles":["","utils.js","compressContext"],"fullName":" utils.js compressContext should keep recent messages","status":"passed","title":"should keep recent messages","duration":0,"failureMessages":[]},{"ancestorTitles":["","utils.js","compressContext"],"fullName":" utils.js compressContext should handle empty messages","status":"passed","title":"should handle empty messages","duration":1,"failureMessages":[]},{"ancestorTitles":["","utils.js","compressContext"],"fullName":" utils.js compressContext should handle null/undefined input","status":"passed","title":"should handle null/undefined input","duration":0,"failureMessages":[]},{"ancestorTitles":["","utils.js","compressContext"],"fullName":" utils.js compressContext should limit kept messages for duplicate-heavy input","status":"passed","title":"should limit kept messages for duplicate-heavy input","duration":0,"failureMessages":[]},{"ancestorTitles":["","utils.js","compressContext"],"fullName":" utils.js compressContext should use default threshold from config","status":"passed","title":"should use default threshold from config","duration":1,"failureMessages":[]}],"startTime":1775377977075,"endTime":1775377977099,"status":"passed","message":"","name":"D:/ruanjian/shuhai/auto-wms/tests/utils.test.js"}]}